<?xml version="1.0" encoding="UTF-8"?>
<testsuite xmlns:xsi="http://www.w3.org/2001/XMLSchema-instance" xsi:noNamespaceSchemaLocation="https://maven.apache.org/surefire/maven-surefire-plugin/xsd/surefire-test-report-3.0.xsd" version="3.0" name="com.praktikum.whitebox.model.ProdukTest" time="0.346" tests="20" errors="0" skipped="0" failures="0">
  <properties>
    <property name="java.specification.version" value="24"/>
    <property name="sun.cpu.isalist" value="amd64"/>
    <property name="sun.jnu.encoding" value="Cp1252"/>
    <property name="java.class.path" value="F:\zidanyb-pratikum-pengujian-perangkat-lunak\Pratikum WhiteBox\target\test-classes;F:\zidanyb-pratikum-pengujian-perangkat-lunak\Pratikum WhiteBox\target\classes;C:\Users\zidan\.m2\repository\org\junit\jupiter\junit-jupiter-api\5.9.2\junit-jupiter-api-5.9.2.jar;C:\Users\zidan\.m2\repository\org\opentest4j\opentest4j\1.2.0\opentest4j-1.2.0.jar;C:\Users\zidan\.m2\repository\org\junit\platform\junit-platform-commons\1.9.2\junit-platform-commons-1.9.2.jar;C:\Users\zidan\.m2\repository\org\apiguardian\apiguardian-api\1.1.2\apiguardian-api-1.1.2.jar;C:\Users\zidan\.m2\repository\org\junit\jupiter\junit-jupiter-engine\5.9.2\junit-jupiter-engine-5.9.2.jar;C:\Users\zidan\.m2\repository\org\junit\platform\junit-platform-engine\1.9.2\junit-platform-engine-1.9.2.jar;C:\Users\zidan\.m2\repository\org\junit\jupiter\junit-jupiter-params\5.9.2\junit-jupiter-params-5.9.2.jar;C:\Users\zidan\.m2\repository\org\mockito\mockito-core\5.19.0\mockito-core-5.19.0.jar;C:\Users\zidan\.m2\repository\net\bytebuddy\byte-buddy\1.17.6\byte-buddy-1.17.6.jar;C:\Users\zidan\.m2\repository\net\bytebuddy\byte-buddy-agent\1.17.6\byte-buddy-agent-1.17.6.jar;C:\Users\zidan\.m2\repository\org\objenesis\objenesis\3.3\objenesis-3.3.jar;C:\Users\zidan\.m2\repository\org\mockito\mockito-junit-jupiter\5.19.0\mockito-junit-jupiter-5.19.0.jar;"/>
    <property name="java.vm.vendor" value="Oracle Corporation"/>
    <property name="sun.arch.data.model" value="64"/>
    <property name="user.variant" value=""/>
    <property name="java.vendor.url" value="https://java.oracle.com/"/>
    <property name="user.timezone" value="Asia/Bangkok"/>
    <property name="os.name" value="Windows 11"/>
    <property name="java.vm.specification.version" value="24"/>
    <property name="sun.java.launcher" value="SUN_STANDARD"/>
    <property name="user.country" value="US"/>
    <property name="sun.boot.library.path" value="F:\JDK 24\bin"/>
    <property name="sun.java.command" value="C:\Users\zidan\AppData\Local\Temp\surefire14387691462189058209\surefirebooter-20251006221646828_3.jar C:\Users\zidan\AppData\Local\Temp\surefire14387691462189058209 2025-10-06T22-16-46_344-jvmRun1 surefire-20251006221646828_1tmp surefire_0-20251006221646828_2tmp"/>
    <property name="jdk.debug" value="release"/>
    <property name="surefire.test.class.path" value="F:\zidanyb-pratikum-pengujian-perangkat-lunak\Pratikum WhiteBox\target\test-classes;F:\zidanyb-pratikum-pengujian-perangkat-lunak\Pratikum WhiteBox\target\classes;C:\Users\zidan\.m2\repository\org\junit\jupiter\junit-jupiter-api\5.9.2\junit-jupiter-api-5.9.2.jar;C:\Users\zidan\.m2\repository\org\opentest4j\opentest4j\1.2.0\opentest4j-1.2.0.jar;C:\Users\zidan\.m2\repository\org\junit\platform\junit-platform-commons\1.9.2\junit-platform-commons-1.9.2.jar;C:\Users\zidan\.m2\repository\org\apiguardian\apiguardian-api\1.1.2\apiguardian-api-1.1.2.jar;C:\Users\zidan\.m2\repository\org\junit\jupiter\junit-jupiter-engine\5.9.2\junit-jupiter-engine-5.9.2.jar;C:\Users\zidan\.m2\repository\org\junit\platform\junit-platform-engine\1.9.2\junit-platform-engine-1.9.2.jar;C:\Users\zidan\.m2\repository\org\junit\jupiter\junit-jupiter-params\5.9.2\junit-jupiter-params-5.9.2.jar;C:\Users\zidan\.m2\repository\org\mockito\mockito-core\5.19.0\mockito-core-5.19.0.jar;C:\Users\zidan\.m2\repository\net\bytebuddy\byte-buddy\1.17.6\byte-buddy-1.17.6.jar;C:\Users\zidan\.m2\repository\net\bytebuddy\byte-buddy-agent\1.17.6\byte-buddy-agent-1.17.6.jar;C:\Users\zidan\.m2\repository\org\objenesis\objenesis\3.3\objenesis-3.3.jar;C:\Users\zidan\.m2\repository\org\mockito\mockito-junit-jupiter\5.19.0\mockito-junit-jupiter-5.19.0.jar;"/>
    <property name="sun.cpu.endian" value="little"/>
    <property name="user.home" value="C:\Users\zidan"/>
    <property name="user.language" value="en"/>
    <property name="java.specification.vendor" value="Oracle Corporation"/>
    <property name="java.version.date" value="2025-07-15"/>
    <property name="java.home" value="F:\JDK 24"/>
    <property name="file.separator" value="\"/>
    <property name="basedir" value="F:\zidanyb-pratikum-pengujian-perangkat-lunak\Pratikum WhiteBox"/>
    <property name="java.vm.compressedOopsMode" value="Zero based"/>
    <property name="line.separator" value="&#10;"/>
    <property name="java.vm.specification.vendor" value="Oracle Corporation"/>
    <property name="java.specification.name" value="Java Platform API Specification"/>
    <property name="surefire.real.class.path" value="C:\Users\zidan\AppData\Local\Temp\surefire14387691462189058209\surefirebooter-20251006221646828_3.jar"/>
    <property name="user.script" value=""/>
    <property name="sun.management.compiler" value="HotSpot 64-Bit Tiered Compilers"/>
    <property name="java.runtime.version" value="24.0.2+12-54"/>
    <property name="user.name" value="zidan"/>
    <property name="stdout.encoding" value="Cp1252"/>
    <property name="path.separator" value=";"/>
    <property name="os.version" value="10.0"/>
    <property name="java.runtime.name" value="Java(TM) SE Runtime Environment"/>
    <property name="file.encoding" value="UTF-8"/>
    <property name="java.vm.name" value="Java HotSpot(TM) 64-Bit Server VM"/>
    <property name="localRepository" value="C:\Users\zidan\.m2\repository"/>
    <property name="java.vendor.url.bug" value="https://bugreport.java.com/bugreport/"/>
    <property name="java.io.tmpdir" value="C:\Users\zidan\AppData\Local\Temp\"/>
    <property name="java.version" value="24.0.2"/>
    <property name="user.dir" value="F:\zidanyb-pratikum-pengujian-perangkat-lunak\Pratikum WhiteBox"/>
    <property name="os.arch" value="amd64"/>
    <property name="java.vm.specification.name" value="Java Virtual Machine Specification"/>
    <property name="sun.os.patch.level" value=""/>
    <property name="native.encoding" value="Cp1252"/>
    <property name="java.library.path" value="F:\JDK 24\bin;C:\WINDOWS\Sun\Java\bin;C:\WINDOWS\system32;C:\WINDOWS;C:\Program Files\Eclipse Adoptium\jdk-21.0.8.9-hotspot\bin;F:\python 3.13\;F:\python 3.13\Scripts\;C:\Program Files\Common Files\Oracle\Java\javapath;C:\Program Files (x86)\Common Files\Oracle\Java\javapath;F:\python3.8\Scripts\;F:\python3.8\;F:\VMware\bin\;F:\python 3.9\Scripts\;F:\python 3.9\;F:\python 3.10\Scripts\;F:\python 3.10\;F:\python 3.11\Scripts\;F:\python 3.11\;F:\python 3.12\Scripts\;F:\python 3.12\;C:\WINDOWS\system32;C:\WINDOWS;C:\WINDOWS\System32\Wbem;C:\WINDOWS\System32\WindowsPowerShell\v1.0\;C:\WINDOWS\System32\OpenSSH\;C:\Program Files\NVIDIA Corporation\NVIDIA App\NvDLISR;C:\Program Files (x86)\NVIDIA Corporation\PhysX\Common;F:\Winscp\WinSCP\;C:\ProgramData\chocolatey\bin;F:\Node JS\;C:\Program Files\Tailscale\;C:\Program Files\dotnet\;C:\Program Files\Git\cmd;C:\Program Files\maven-mvnd-1.0.2\bin;F:\apache-maven-3.9.11\bin;F:\JDK 24\bin;F:\apache-maven-3.9.11\bin;C:\Program Files\apache-maven-3.9.11\bin;F:\JDK 24\bin;;C:\Program Files\Docker\Docker\resources\bin;F:\;C:\Program Files\k6\;F:\python 3.13\;F:\python 3.13\Scripts\;F:\bin;C:\Program Files\Common Files\Oracle\Java\javapath;F:\python3.8\Scripts\;F:\python3.8\;F:\VMware\bin\;F:\python 3.9\Scripts\;F:\python 3.9\;F:\python 3.10\Scripts\;F:\python 3.10\;F:\python 3.11\Scripts\;F:\python 3.11\;F:\python 3.12\Scripts\;F:\python 3.12\;F:\python 3.13\Scripts\;F:\python 3.13\;C:\WINDOWS\system32;C:\WINDOWS;C:\WINDOWS\System32\Wbem;C:\WINDOWS\System32\WindowsPowerShell\v1.0\;C:\WINDOWS\System32\OpenSSH\;C:\Program Files\NVIDIA Corporation\NVIDIA App\NvDLISR;C:\Program Files (x86)\NVIDIA Corporation\PhysX\Common;F:\Winscp\WinSCP\;C:\ProgramData\chocolatey\bin;F:\Node JS\;C:\Program Files\Tailscale\;C:\Program Files\dotnet\;C:\Program Files\Git\cmd;F:\IBM\JRE\bin;C:\Program Files\Docker\Docker\resources\bin;C:\Program Files\Cloudflare\Cloudflare WARP\;C:\Program Files\maven-mvnd-1.0.2\bin;F:\apache-maven-3.9.11\bin;F:\\bin;F:\apache-maven-3.9.11\bin;C:\Program Files\apache-maven-3.9.11\bin;C:\Users\zidan\AppData\Local\Microsoft\WindowsApps;C:\Users\zidan\AppData\Local\Programs\Microsoft VS Code\bin;F:\Visual Studio Code\Microsoft VS Code\bin;F:\JetBrains Rider\JetBrains Rider 2025.2.2\bin;F:\IntelliJ IDEA Community\IntelliJ IDEA Community Edition 2025.2.2\bin;F:\JetBrains CLions\CLion 2025.2.2\bin;F:\PYcharm\PyCharm 2025.2.2\bin;F:\Web-Strom\WebStorm 2025.2.2\bin;&quot;;C:\Program Files\spring-boot-3.5.6\bin;&quot;;;."/>
    <property name="java.vm.info" value="mixed mode, sharing"/>
    <property name="stderr.encoding" value="Cp1252"/>
    <property name="java.vendor" value="Oracle Corporation"/>
    <property name="java.vm.version" value="24.0.2+12-54"/>
    <property name="sun.io.unicode.encoding" value="UnicodeLittle"/>
    <property name="java.class.version" value="68.0"/>
  </properties>
  <testcase name="testStokProdukTidakAktif" classname="com.praktikum.whitebox.model.ProdukTest" time="0.085"/>
  <testcase name="testHitungTotalHargaProdukTidakAktif" classname="com.praktikum.whitebox.model.ProdukTest" time="0.007"/>
  <testcase name="testStokAman" classname="com.praktikum.whitebox.model.ProdukTest" time="0.003"/>
  <testcase name="testStatusAktif" classname="com.praktikum.whitebox.model.ProdukTest" time="0.002"/>
  <testcase name="testHitungTotalHargaNegatif" classname="com.praktikum.whitebox.model.ProdukTest" time="0.002"/>
  <testcase name="testStokMenipis" classname="com.praktikum.whitebox.model.ProdukTest" time="0.001"/>
  <testcase name="testKurangiStokNegatif" classname="com.praktikum.whitebox.model.ProdukTest" time="0.001"/>
  <testcase name="testHitungTotalHarga(int, double)[1]" classname="com.praktikum.whitebox.model.ProdukTest" time="0.051"/>
  <testcase name="testHitungTotalHarga(int, double)[2]" classname="com.praktikum.whitebox.model.ProdukTest" time="0.002"/>
  <testcase name="testHitungTotalHarga(int, double)[3]" classname="com.praktikum.whitebox.model.ProdukTest" time="0.001"/>
  <testcase name="testTambahStokProdukTidakAktif" classname="com.praktikum.whitebox.model.ProdukTest" time="0.002"/>
  <testcase name="testTambahStokNegatif" classname="com.praktikum.whitebox.model.ProdukTest" time="0.001"/>
  <testcase name="testTambahStokValid" classname="com.praktikum.whitebox.model.ProdukTest" time="0.001"/>
  <testcase name="testKurangiStokValid(int, int)[1]" classname="com.praktikum.whitebox.model.ProdukTest" time="0.006"/>
  <testcase name="testKurangiStokValid(int, int)[2]" classname="com.praktikum.whitebox.model.ProdukTest" time="0.002"/>
  <testcase name="testKurangiStokValid(int, int)[3]" classname="com.praktikum.whitebox.model.ProdukTest" time="0.001"/>
  <testcase name="testKurangiStokTidakMencukupi" classname="com.praktikum.whitebox.model.ProdukTest" time="0.002"/>
  <testcase name="testEqualsAndHashCode" classname="com.praktikum.whitebox.model.ProdukTest" time="0.003"/>
  <testcase name="testKurangiStokProdukTidakAktif" classname="com.praktikum.whitebox.model.ProdukTest" time="0.002"/>
  <testcase name="testStokHabis" classname="com.praktikum.whitebox.model.ProdukTest" time="0.001"/>
</testsuite>